<?xml version="1.0" encoding="UTF-8"?>
<!-- Generated by org.testng.reporters.JUnitReportReporter -->
<testsuite hostname="dheerajv-mac" failures="0" tests="2" name="TestNG.Test1.Demo" time="0.001" errors="0" timestamp="2025-10-19T17:54:26 IST" skipped="0">
  <testcase classname="TestNG.Test1.Demo" name="demo" time="0.001"/>
  <testcase classname="TestNG.Test1.Demo" name="secondTest" time="0.000"/>
</testsuite> <!-- TestNG.Test1.Demo -->
