<?xml version="1.0" encoding="UTF-8"?>
<!-- Generated by org.testng.reporters.JUnitReportReporter -->
<testsuite hostname="dheerajv-mac" failures="0" tests="7" name="TestNG.Test1.Demo3" time="0.006" errors="0" timestamp="2025-10-19T17:54:26 IST" skipped="1">
  <testcase classname="TestNG.Test1.Demo3" name="MobileSignOutCar" time="0.000"/>
  <testcase classname="TestNG.Test1.Demo3" name="WebLoginCar" time="0.001"/>
  <testcase classname="TestNG.Test1.Demo3" name="MobileSignOutCar" time="0.001"/>
  <testcase classname="TestNG.Test1.Demo3" name="APICar" time="0.000"/>
  <testcase classname="TestNG.Test1.Demo3" name="MobileSignOutCar" time="0.002"/>
  <testcase classname="TestNG.Test1.Demo3" name="MobileSigninCar" time="0.002"/>
  <testcase classname="TestNG.Test1.Demo3" name="MobileLoginCar">
    <skipped/>
  </testcase> <!-- MobileLoginCar -->
</testsuite> <!-- TestNG.Test1.Demo3 -->
