<?xml version="1.0" encoding="UTF-8"?>
<!-- Generated by org.testng.reporters.JUnitReportReporter -->
<testsuite hostname="dheerajv-mac" failures="0" tests="2" name="TestNG.Test1.Demo2" time="0.002" errors="0" timestamp="2025-10-19T17:54:26 IST" skipped="0">
  <testcase classname="TestNG.Test1.Demo2" name="justToTestParameters" time="0.001"/>
  <testcase classname="TestNG.Test1.Demo2" name="demo2" time="0.001"/>
</testsuite> <!-- TestNG.Test1.Demo2 -->
